<?xml version="1.0" encoding="UTF-8"?>
<!-- Generated by org.testng.reporters.JUnitReportReporter -->
<testsuite hostname="DESKTOP-50LC16A" failures="0" tests="3" name="apitest.googlemaps.LibraryApi" time="5.270" errors="0" timestamp="2023-08-07T17:45:33 IST" skipped="0">
  <testcase classname="apitest.googlemaps.LibraryApi" name="libraryTest" time="0.357"/>
  <system-out/>
  <testcase classname="apitest.googlemaps.LibraryApi" name="libraryTest" time="4.630"/>
  <system-out/>
  <testcase classname="apitest.googlemaps.LibraryApi" name="libraryTest" time="0.283"/>
  <system-out/>
</testsuite> <!-- apitest.googlemaps.LibraryApi -->
